{"C:\\Users\\gpimentahays\\Gabriel\\trio-challenge\\src\\aplication\\usecases\\placeOrderUseCase.ts": {"path":"C:\\Users\\gpimentahays\\Gabriel\\trio-challenge\\src\\aplication\\usecases\\placeOrderUseCase.ts","statementMap":{"0":{"start":{"line":7,"column":11},"end":{"line":7,"column":43}},"1":{"start":{"line":8,"column":11},"end":{"line":8,"column":41}},"2":{"start":{"line":12,"column":2},"end":{"line":30,"column":null}},"3":{"start":{"line":16,"column":17},"end":{"line":16,"column":18}},"4":{"start":{"line":18,"column":2},"end":{"line":29,"column":3}},"5":{"start":{"line":19,"column":3},"end":{"line":28,"column":4}},"6":{"start":{"line":20,"column":21},"end":{"line":20,"column":69}},"7":{"start":{"line":21,"column":4},"end":{"line":21,"column":20}},"8":{"start":{"line":23,"column":4},"end":{"line":23,"column":15}},"9":{"start":{"line":24,"column":4},"end":{"line":26,"column":5}},"10":{"start":{"line":25,"column":5},"end":{"line":25,"column":64}},"11":{"start":{"line":27,"column":4},"end":{"line":27,"column":63}},"12":{"start":{"line":27,"column":35},"end":{"line":27,"column":61}},"13":{"start":{"line":32,"column":21},"end":{"line":32,"column":42}},"14":{"start":{"line":34,"column":18},"end":{"line":34,"column":76}},"15":{"start":{"line":36,"column":2},"end":{"line":36,"column":45}},"16":{"start":{"line":38,"column":2},"end":{"line":38,"column":48}},"17":{"start":{"line":39,"column":2},"end":{"line":39,"column":15}},"18":{"start":{"line":5,"column":0},"end":{"line":5,"column":13}}},"fnMap":{"0":{"name":"(anonymous_7)","decl":{"start":{"line":6,"column":1},"end":{"line":6,"column":null}},"loc":{"start":{"line":8,"column":41},"end":{"line":9,"column":5}}},"1":{"name":"(anonymous_8)","decl":{"start":{"line":11,"column":15},"end":{"line":11,"column":31}},"loc":{"start":{"line":11,"column":31},"end":{"line":30,"column":null}}},"2":{"name":"(anonymous_9)","decl":{"start":{"line":12,"column":2},"end":{"line":12,"column":16}},"loc":{"start":{"line":14,"column":22},"end":{"line":30,"column":2}}},"3":{"name":"(anonymous_10)","decl":{"start":{"line":27,"column":22},"end":{"line":27,"column":23}},"loc":{"start":{"line":27,"column":35},"end":{"line":27,"column":61}}},"4":{"name":"(anonymous_11)","decl":{"start":{"line":31,"column":7},"end":{"line":31,"column":14}},"loc":{"start":{"line":31,"column":27},"end":{"line":40,"column":null}}}},"branchMap":{"0":{"loc":{"start":{"line":13,"column":2},"end":{"line":13,"column":21}},"type":"default-arg","locations":[{"start":{"line":13,"column":20},"end":{"line":13,"column":21}}]},"1":{"loc":{"start":{"line":14,"column":2},"end":{"line":14,"column":22}},"type":"default-arg","locations":[{"start":{"line":14,"column":18},"end":{"line":14,"column":22}}]},"2":{"loc":{"start":{"line":24,"column":4},"end":{"line":26,"column":5}},"type":"if","locations":[{"start":{"line":24,"column":4},"end":{"line":26,"column":5}}]}},"s":{"0":2,"1":2,"2":2,"3":2,"4":2,"5":4,"6":4,"7":1,"8":3,"9":3,"10":1,"11":2,"12":2,"13":2,"14":2,"15":1,"16":1,"17":1,"18":1},"f":{"0":2,"1":2,"2":2,"3":2,"4":2},"b":{"0":[2],"1":[2],"2":[1]}}
,"C:\\Users\\gpimentahays\\Gabriel\\trio-challenge\\src\\aplication\\usecases\\updateOrderUseCase.ts": {"path":"C:\\Users\\gpimentahays\\Gabriel\\trio-challenge\\src\\aplication\\usecases\\updateOrderUseCase.ts","statementMap":{"0":{"start":{"line":8,"column":11},"end":{"line":8,"column":43}},"1":{"start":{"line":9,"column":11},"end":{"line":9,"column":51}},"2":{"start":{"line":13,"column":16},"end":{"line":13,"column":64}},"3":{"start":{"line":15,"column":2},"end":{"line":15,"column":23}},"4":{"start":{"line":17,"column":2},"end":{"line":17,"column":66}},"5":{"start":{"line":19,"column":19},"end":{"line":20,"column":null}},"6":{"start":{"line":22,"column":2},"end":{"line":22,"column":50}},"7":{"start":{"line":23,"column":2},"end":{"line":23,"column":15}},"8":{"start":{"line":6,"column":0},"end":{"line":6,"column":13}}},"fnMap":{"0":{"name":"(anonymous_7)","decl":{"start":{"line":7,"column":1},"end":{"line":7,"column":null}},"loc":{"start":{"line":9,"column":51},"end":{"line":10,"column":5}}},"1":{"name":"(anonymous_8)","decl":{"start":{"line":12,"column":7},"end":{"line":12,"column":14}},"loc":{"start":{"line":12,"column":30},"end":{"line":24,"column":null}}}},"branchMap":{},"s":{"0":2,"1":2,"2":2,"3":2,"4":2,"5":2,"6":1,"7":1,"8":1},"f":{"0":2,"1":2},"b":{}}
,"C:\\Users\\gpimentahays\\Gabriel\\trio-challenge\\src\\aplication\\usecases\\viewDetailsUseCase.ts": {"path":"C:\\Users\\gpimentahays\\Gabriel\\trio-challenge\\src\\aplication\\usecases\\viewDetailsUseCase.ts","statementMap":{"0":{"start":{"line":8,"column":22},"end":{"line":8,"column":54}},"1":{"start":{"line":11,"column":2},"end":{"line":24,"column":3}},"2":{"start":{"line":12,"column":17},"end":{"line":12,"column":64}},"3":{"start":{"line":14,"column":26},"end":{"line":20,"column":5}},"4":{"start":{"line":21,"column":3},"end":{"line":21,"column":17}},"5":{"start":{"line":23,"column":3},"end":{"line":23,"column":34}},"6":{"start":{"line":7,"column":0},"end":{"line":7,"column":13}}},"fnMap":{"0":{"name":"(anonymous_7)","decl":{"start":{"line":8,"column":1},"end":{"line":8,"column":22}},"loc":{"start":{"line":8,"column":54},"end":{"line":8,"column":58}}},"1":{"name":"(anonymous_8)","decl":{"start":{"line":10,"column":7},"end":{"line":10,"column":14}},"loc":{"start":{"line":10,"column":29},"end":{"line":25,"column":null}}}},"branchMap":{},"s":{"0":2,"1":2,"2":2,"3":1,"4":1,"5":1,"6":1},"f":{"0":2,"1":2},"b":{}}
,"C:\\Users\\gpimentahays\\Gabriel\\trio-challenge\\src\\aplication\\usecases\\visualizeMenuUseCase.ts": {"path":"C:\\Users\\gpimentahays\\Gabriel\\trio-challenge\\src\\aplication\\usecases\\visualizeMenuUseCase.ts","statementMap":{"0":{"start":{"line":1,"column":0},"end":{"line":1,"column":62}},"1":{"start":{"line":6,"column":2},"end":{"line":6,"column":14}},"2":{"start":{"line":4,"column":0},"end":{"line":4,"column":13}}},"fnMap":{"0":{"name":"(anonymous_7)","decl":{"start":{"line":5,"column":7},"end":{"line":5,"column":14}},"loc":{"start":{"line":5,"column":14},"end":{"line":7,"column":null}}}},"branchMap":{},"s":{"0":1,"1":1,"2":1},"f":{"0":1},"b":{}}
,"C:\\Users\\gpimentahays\\Gabriel\\trio-challenge\\src\\domain\\entities\\Order.ts": {"path":"C:\\Users\\gpimentahays\\Gabriel\\trio-challenge\\src\\domain\\entities\\Order.ts","statementMap":{"0":{"start":{"line":2,"column":0},"end":{"line":2,"column":51}},"1":{"start":{"line":3,"column":0},"end":{"line":3,"column":36}},"2":{"start":{"line":17,"column":2},"end":{"line":17,"column":27}},"3":{"start":{"line":18,"column":2},"end":{"line":18,"column":31}},"4":{"start":{"line":19,"column":2},"end":{"line":19,"column":47}},"5":{"start":{"line":20,"column":2},"end":{"line":20,"column":33}},"6":{"start":{"line":24,"column":14},"end":{"line":24,"column":15}},"7":{"start":{"line":25,"column":2},"end":{"line":27,"column":3}},"8":{"start":{"line":26,"column":3},"end":{"line":26,"column":26}},"9":{"start":{"line":28,"column":2},"end":{"line":28,"column":15}},"10":{"start":{"line":32,"column":24},"end":{"line":32,"column":35}},"11":{"start":{"line":34,"column":38},"end":{"line":39,"column":4}},"12":{"start":{"line":40,"column":23},"end":{"line":40,"column":57}},"13":{"start":{"line":42,"column":21},"end":{"line":42,"column":50}},"14":{"start":{"line":43,"column":2},"end":{"line":45,"column":3}},"15":{"start":{"line":44,"column":3},"end":{"line":44,"column":56}},"16":{"start":{"line":46,"column":2},"end":{"line":46,"column":27}},"17":{"start":{"line":5,"column":0},"end":{"line":5,"column":13}}},"fnMap":{"0":{"name":"(anonymous_0)","decl":{"start":{"line":11,"column":1},"end":{"line":11,"column":null}},"loc":{"start":{"line":15,"column":23},"end":{"line":21,"column":2}}},"1":{"name":"(anonymous_1)","decl":{"start":{"line":23,"column":1},"end":{"line":23,"column":14}},"loc":{"start":{"line":23,"column":14},"end":{"line":29,"column":2}}},"2":{"name":"(anonymous_2)","decl":{"start":{"line":31,"column":1},"end":{"line":31,"column":13}},"loc":{"start":{"line":31,"column":13},"end":{"line":47,"column":2}}}},"branchMap":{"0":{"loc":{"start":{"line":18,"column":12},"end":{"line":18,"column":30}},"type":"cond-expr","locations":[{"start":{"line":18,"column":12},"end":{"line":18,"column":14}},{"start":{"line":18,"column":18},"end":{"line":18,"column":30}}]},"1":{"loc":{"start":{"line":18,"column":12},"end":{"line":18,"column":18}},"type":"binary-expr","locations":[{"start":{"line":18,"column":12},"end":{"line":18,"column":18}},{"start":{"line":18,"column":12},"end":{"line":18,"column":18}}]},"2":{"loc":{"start":{"line":19,"column":16},"end":{"line":19,"column":46}},"type":"cond-expr","locations":[{"start":{"line":19,"column":16},"end":{"line":19,"column":22}},{"start":{"line":19,"column":26},"end":{"line":19,"column":46}}]},"3":{"loc":{"start":{"line":19,"column":16},"end":{"line":19,"column":26}},"type":"binary-expr","locations":[{"start":{"line":19,"column":16},"end":{"line":19,"column":26}},{"start":{"line":19,"column":16},"end":{"line":19,"column":26}}]},"4":{"loc":{"start":{"line":20,"column":14},"end":{"line":20,"column":32}},"type":"cond-expr","locations":[{"start":{"line":20,"column":14},"end":{"line":20,"column":18}},{"start":{"line":20,"column":22},"end":{"line":20,"column":32}}]},"5":{"loc":{"start":{"line":20,"column":14},"end":{"line":20,"column":22}},"type":"binary-expr","locations":[{"start":{"line":20,"column":14},"end":{"line":20,"column":22}},{"start":{"line":20,"column":14},"end":{"line":20,"column":22}}]},"6":{"loc":{"start":{"line":43,"column":2},"end":{"line":45,"column":3}},"type":"if","locations":[{"start":{"line":43,"column":2},"end":{"line":45,"column":3}}]}},"s":{"0":3,"1":3,"2":12,"3":12,"4":12,"5":12,"6":4,"7":4,"8":6,"9":4,"10":6,"11":6,"12":6,"13":6,"14":6,"15":1,"16":5,"17":3},"f":{"0":12,"1":4,"2":6},"b":{"0":[2,10],"1":[12,12],"2":[2,10],"3":[12,12],"4":[2,10],"5":[12,12],"6":[1]}}
,"C:\\Users\\gpimentahays\\Gabriel\\trio-challenge\\src\\domain\\entities\\constants\\menu.ts": {"path":"C:\\Users\\gpimentahays\\Gabriel\\trio-challenge\\src\\domain\\entities\\constants\\menu.ts","statementMap":{"0":{"start":{"line":1,"column":13},"end":{"line":45,"column":11}}},"fnMap":{},"branchMap":{},"s":{"0":3},"f":{},"b":{}}
,"C:\\Users\\gpimentahays\\Gabriel\\trio-challenge\\src\\domain\\entities\\enums\\orderStatus.ts": {"path":"C:\\Users\\gpimentahays\\Gabriel\\trio-challenge\\src\\domain\\entities\\enums\\orderStatus.ts","statementMap":{"0":{"start":{"line":1,"column":0},"end":{"line":1,"column":null}},"1":{"start":{"line":2,"column":1},"end":{"line":2,"column":null}},"2":{"start":{"line":3,"column":1},"end":{"line":3,"column":null}},"3":{"start":{"line":4,"column":1},"end":{"line":4,"column":null}},"4":{"start":{"line":5,"column":1},"end":{"line":5,"column":null}}},"fnMap":{"0":{"name":"(anonymous_0)","decl":{"start":{"line":1,"column":0},"end":{"line":1,"column":12}},"loc":{"start":{"line":1,"column":24},"end":{"line":6,"column":1}}}},"branchMap":{"0":{"loc":{"start":{"line":1,"column":12},"end":{"line":1,"column":null}},"type":"binary-expr","locations":[{"start":{"line":1,"column":12},"end":{"line":1,"column":24}},{"start":{"line":1,"column":24},"end":{"line":1,"column":null}}]}},"s":{"0":3,"1":3,"2":3,"3":3,"4":3},"f":{"0":3},"b":{"0":[3,3]}}
,"C:\\Users\\gpimentahays\\Gabriel\\trio-challenge\\src\\domain\\value-object\\Product.ts": {"path":"C:\\Users\\gpimentahays\\Gabriel\\trio-challenge\\src\\domain\\value-object\\Product.ts","statementMap":{"0":{"start":{"line":1,"column":0},"end":{"line":1,"column":50}},"1":{"start":{"line":9,"column":2},"end":{"line":9,"column":19}},"2":{"start":{"line":10,"column":2},"end":{"line":10,"column":25}},"3":{"start":{"line":11,"column":2},"end":{"line":11,"column":17}},"4":{"start":{"line":12,"column":2},"end":{"line":12,"column":25}},"5":{"start":{"line":15,"column":22},"end":{"line":15,"column":69}},"6":{"start":{"line":15,"column":42},"end":{"line":15,"column":68}},"7":{"start":{"line":16,"column":2},"end":{"line":18,"column":3}},"8":{"start":{"line":17,"column":3},"end":{"line":17,"column":66}},"9":{"start":{"line":19,"column":22},"end":{"line":20,"column":null}},"10":{"start":{"line":20,"column":10},"end":{"line":20,"column":33}},"11":{"start":{"line":22,"column":2},"end":{"line":26,"column":3}},"12":{"start":{"line":23,"column":3},"end":{"line":25,"column":5}},"13":{"start":{"line":27,"column":2},"end":{"line":27,"column":57}},"14":{"start":{"line":3,"column":0},"end":{"line":3,"column":13}}},"fnMap":{"0":{"name":"(anonymous_0)","decl":{"start":{"line":8,"column":1},"end":{"line":8,"column":13}},"loc":{"start":{"line":8,"column":42},"end":{"line":13,"column":2}}},"1":{"name":"(anonymous_1)","decl":{"start":{"line":14,"column":1},"end":{"line":14,"column":16}},"loc":{"start":{"line":14,"column":16},"end":{"line":28,"column":2}}},"2":{"name":"(anonymous_2)","decl":{"start":{"line":15,"column":32},"end":{"line":15,"column":33}},"loc":{"start":{"line":15,"column":42},"end":{"line":15,"column":68}}},"3":{"name":"(anonymous_3)","decl":{"start":{"line":20,"column":3},"end":{"line":20,"column":4}},"loc":{"start":{"line":20,"column":10},"end":{"line":20,"column":33}}}},"branchMap":{"0":{"loc":{"start":{"line":16,"column":2},"end":{"line":18,"column":3}},"type":"if","locations":[{"start":{"line":16,"column":2},"end":{"line":18,"column":3}}]},"1":{"loc":{"start":{"line":22,"column":2},"end":{"line":26,"column":3}},"type":"if","locations":[{"start":{"line":22,"column":2},"end":{"line":26,"column":3}}]}},"s":{"0":3,"1":9,"2":9,"3":9,"4":9,"5":9,"6":16,"7":9,"8":1,"9":8,"10":14,"11":8,"12":1,"13":7,"14":3},"f":{"0":9,"1":9,"2":16,"3":14},"b":{"0":[1],"1":[1]}}
,"C:\\Users\\gpimentahays\\Gabriel\\trio-challenge\\src\\infraestructure\\database\\database.ts": {"path":"C:\\Users\\gpimentahays\\Gabriel\\trio-challenge\\src\\infraestructure\\database\\database.ts","statementMap":{"0":{"start":{"line":1,"column":0},"end":{"line":1,"column":35}},"1":{"start":{"line":2,"column":0},"end":{"line":2,"column":28}},"2":{"start":{"line":4,"column":0},"end":{"line":4,"column":16}},"3":{"start":{"line":6,"column":12},"end":{"line":6,"column":23}},"4":{"start":{"line":8,"column":13},"end":{"line":14,"column":3}}},"fnMap":{},"branchMap":{},"s":{"0":1,"1":1,"2":1,"3":1,"4":1},"f":{},"b":{}}
,"C:\\Users\\gpimentahays\\Gabriel\\trio-challenge\\src\\infraestructure\\repositories\\databaseOrderRepository.ts": {"path":"C:\\Users\\gpimentahays\\Gabriel\\trio-challenge\\src\\infraestructure\\repositories\\databaseOrderRepository.ts","statementMap":{"0":{"start":{"line":2,"column":0},"end":{"line":2,"column":52}},"1":{"start":{"line":3,"column":0},"end":{"line":3,"column":60}},"2":{"start":{"line":4,"column":0},"end":{"line":4,"column":42}},"3":{"start":{"line":8,"column":2},"end":{"line":20,"column":3}},"4":{"start":{"line":9,"column":18},"end":{"line":18,"column":null}},"5":{"start":{"line":22,"column":2},"end":{"line":22,"column":15}},"6":{"start":{"line":26,"column":2},"end":{"line":50,"column":3}},"7":{"start":{"line":27,"column":18},"end":{"line":29,"column":null}},"8":{"start":{"line":32,"column":3},"end":{"line":34,"column":4}},"9":{"start":{"line":33,"column":4},"end":{"line":33,"column":60}},"10":{"start":{"line":36,"column":31},"end":{"line":37,"column":null}},"11":{"start":{"line":37,"column":18},"end":{"line":37,"column":55}},"12":{"start":{"line":40,"column":17},"end":{"line":44,"column":null}},"13":{"start":{"line":47,"column":3},"end":{"line":47,"column":16}},"14":{"start":{"line":49,"column":3},"end":{"line":49,"column":34}},"15":{"start":{"line":54,"column":2},"end":{"line":57,"column":5}},"16":{"start":{"line":58,"column":16},"end":{"line":58,"column":43}},"17":{"start":{"line":60,"column":2},"end":{"line":60,"column":15}},"18":{"start":{"line":64,"column":2},"end":{"line":67,"column":4}},"19":{"start":{"line":6,"column":0},"end":{"line":6,"column":13}}},"fnMap":{"0":{"name":"(anonymous_7)","decl":{"start":{"line":7,"column":7},"end":{"line":7,"column":18}},"loc":{"start":{"line":7,"column":31},"end":{"line":23,"column":null}}},"1":{"name":"(anonymous_9)","decl":{"start":{"line":25,"column":7},"end":{"line":25,"column":19}},"loc":{"start":{"line":25,"column":35},"end":{"line":51,"column":null}}},"2":{"name":"(anonymous_11)","decl":{"start":{"line":37,"column":4},"end":{"line":37,"column":5}},"loc":{"start":{"line":37,"column":18},"end":{"line":37,"column":55}}},"3":{"name":"(anonymous_12)","decl":{"start":{"line":53,"column":7},"end":{"line":53,"column":19}},"loc":{"start":{"line":53,"column":46},"end":{"line":61,"column":null}}},"4":{"name":"(anonymous_14)","decl":{"start":{"line":63,"column":7},"end":{"line":63,"column":18}},"loc":{"start":{"line":63,"column":34},"end":{"line":68,"column":null}}}},"branchMap":{"0":{"loc":{"start":{"line":32,"column":3},"end":{"line":34,"column":4}},"type":"if","locations":[{"start":{"line":32,"column":3},"end":{"line":34,"column":4}}]},"1":{"loc":{"start":{"line":32,"column":7},"end":{"line":32,"column":37}},"type":"binary-expr","locations":[{"start":{"line":32,"column":7},"end":{"line":32,"column":14}},{"start":{"line":32,"column":18},"end":{"line":32,"column":37}}]}},"s":{"0":1,"1":1,"2":1,"3":0,"4":0,"5":0,"6":0,"7":0,"8":0,"9":0,"10":0,"11":0,"12":0,"13":0,"14":0,"15":0,"16":0,"17":0,"18":0,"19":1},"f":{"0":0,"1":0,"2":0,"3":0,"4":0},"b":{"0":[0],"1":[0,0]}}
,"C:\\Users\\gpimentahays\\Gabriel\\trio-challenge\\src\\infraestructure\\repositories\\inMemoryOrderRepository.ts": {"path":"C:\\Users\\gpimentahays\\Gabriel\\trio-challenge\\src\\infraestructure\\repositories\\inMemoryOrderRepository.ts","statementMap":{"0":{"start":{"line":3,"column":0},"end":{"line":3,"column":52}},"1":{"start":{"line":6,"column":9},"end":{"line":6,"column":30}},"2":{"start":{"line":9,"column":2},"end":{"line":9,"column":26}},"3":{"start":{"line":10,"column":2},"end":{"line":10,"column":15}},"4":{"start":{"line":14,"column":16},"end":{"line":14,"column":60}},"5":{"start":{"line":14,"column":44},"end":{"line":14,"column":59}},"6":{"start":{"line":15,"column":2},"end":{"line":17,"column":3}},"7":{"start":{"line":16,"column":3},"end":{"line":16,"column":55}},"8":{"start":{"line":18,"column":2},"end":{"line":18,"column":15}},"9":{"start":{"line":22,"column":16},"end":{"line":22,"column":43}},"10":{"start":{"line":23,"column":23},"end":{"line":27,"column":null}},"11":{"start":{"line":29,"column":16},"end":{"line":29,"column":65}},"12":{"start":{"line":29,"column":49},"end":{"line":29,"column":64}},"13":{"start":{"line":30,"column":2},"end":{"line":30,"column":36}},"14":{"start":{"line":32,"column":2},"end":{"line":32,"column":22}},"15":{"start":{"line":5,"column":0},"end":{"line":5,"column":13}}},"fnMap":{"0":{"name":"(anonymous_7)","decl":{"start":{"line":5,"column":0},"end":{"line":5,"column":13}},"loc":{"start":{"line":5,"column":0},"end":{"line":34,"column":1}}},"1":{"name":"(anonymous_8)","decl":{"start":{"line":8,"column":7},"end":{"line":8,"column":18}},"loc":{"start":{"line":8,"column":31},"end":{"line":11,"column":null}}},"2":{"name":"(anonymous_10)","decl":{"start":{"line":13,"column":7},"end":{"line":13,"column":19}},"loc":{"start":{"line":13,"column":30},"end":{"line":19,"column":null}}},"3":{"name":"(anonymous_12)","decl":{"start":{"line":14,"column":33},"end":{"line":14,"column":34}},"loc":{"start":{"line":14,"column":44},"end":{"line":14,"column":59}}},"4":{"name":"(anonymous_13)","decl":{"start":{"line":21,"column":7},"end":{"line":21,"column":19}},"loc":{"start":{"line":21,"column":52},"end":{"line":33,"column":null}}},"5":{"name":"(anonymous_15)","decl":{"start":{"line":29,"column":38},"end":{"line":29,"column":39}},"loc":{"start":{"line":29,"column":49},"end":{"line":29,"column":64}}}},"branchMap":{"0":{"loc":{"start":{"line":15,"column":2},"end":{"line":17,"column":3}},"type":"if","locations":[{"start":{"line":15,"column":2},"end":{"line":17,"column":3}}]}},"s":{"0":1,"1":6,"2":4,"3":4,"4":8,"5":7,"6":8,"7":1,"8":7,"9":2,"10":2,"11":2,"12":2,"13":2,"14":2,"15":1},"f":{"0":6,"1":4,"2":8,"3":7,"4":2,"5":2},"b":{"0":[1]}}
}
