TN:
SF:src\aplication\usecases\placeOrderUseCase.ts
FN:6,(anonymous_7)
FN:11,(anonymous_8)
FN:12,(anonymous_9)
FN:27,(anonymous_10)
FN:31,(anonymous_11)
FNF:5
FNH:5
FNDA:2,(anonymous_7)
FNDA:2,(anonymous_8)
FNDA:2,(anonymous_9)
FNDA:2,(anonymous_10)
FNDA:2,(anonymous_11)
DA:5,1
DA:7,2
DA:8,2
DA:12,2
DA:16,2
DA:18,2
DA:19,4
DA:20,4
DA:21,1
DA:23,3
DA:24,3
DA:25,1
DA:27,2
DA:32,2
DA:34,2
DA:36,1
DA:38,1
DA:39,1
LF:18
LH:18
BRDA:13,0,0,2
BRDA:14,1,0,2
BRDA:24,2,0,1
BRF:3
BRH:3
end_of_record
TN:
SF:src\aplication\usecases\updateOrderUseCase.ts
FN:7,(anonymous_7)
FN:12,(anonymous_8)
FNF:2
FNH:2
FNDA:2,(anonymous_7)
FNDA:2,(anonymous_8)
DA:6,1
DA:8,2
DA:9,2
DA:13,2
DA:15,2
DA:17,2
DA:19,2
DA:22,1
DA:23,1
LF:9
LH:9
BRF:0
BRH:0
end_of_record
TN:
SF:src\aplication\usecases\viewDetailsUseCase.ts
FN:8,(anonymous_7)
FN:10,(anonymous_8)
FNF:2
FNH:2
FNDA:2,(anonymous_7)
FNDA:2,(anonymous_8)
DA:7,1
DA:8,2
DA:11,2
DA:12,2
DA:14,1
DA:21,1
DA:23,1
LF:7
LH:7
BRF:0
BRH:0
end_of_record
TN:
SF:src\aplication\usecases\visualizeMenuUseCase.ts
FN:5,(anonymous_7)
FNF:1
FNH:1
FNDA:1,(anonymous_7)
DA:1,1
DA:4,1
DA:6,1
LF:3
LH:3
BRF:0
BRH:0
end_of_record
TN:
SF:src\domain\entities\Order.ts
FN:11,(anonymous_0)
FN:23,(anonymous_1)
FN:31,(anonymous_2)
FNF:3
FNH:3
FNDA:12,(anonymous_0)
FNDA:4,(anonymous_1)
FNDA:6,(anonymous_2)
DA:2,3
DA:3,3
DA:5,3
DA:17,12
DA:18,12
DA:19,12
DA:20,12
DA:24,4
DA:25,4
DA:26,6
DA:28,4
DA:32,6
DA:34,6
DA:40,6
DA:42,6
DA:43,6
DA:44,1
DA:46,5
LF:18
LH:18
BRDA:18,0,0,2
BRDA:18,0,1,10
BRDA:18,1,0,12
BRDA:18,1,1,12
BRDA:19,2,0,2
BRDA:19,2,1,10
BRDA:19,3,0,12
BRDA:19,3,1,12
BRDA:20,4,0,2
BRDA:20,4,1,10
BRDA:20,5,0,12
BRDA:20,5,1,12
BRDA:43,6,0,1
BRF:13
BRH:13
end_of_record
TN:
SF:src\domain\entities\constants\menu.ts
FNF:0
FNH:0
DA:1,3
LF:1
LH:1
BRF:0
BRH:0
end_of_record
TN:
SF:src\domain\entities\enums\orderStatus.ts
FN:1,(anonymous_0)
FNF:1
FNH:1
FNDA:3,(anonymous_0)
DA:1,3
DA:2,3
DA:3,3
DA:4,3
DA:5,3
LF:5
LH:5
BRDA:1,0,0,3
BRDA:1,0,1,3
BRF:2
BRH:2
end_of_record
TN:
SF:src\domain\value-object\Product.ts
FN:8,(anonymous_0)
FN:14,(anonymous_1)
FN:15,(anonymous_2)
FN:20,(anonymous_3)
FNF:4
FNH:4
FNDA:9,(anonymous_0)
FNDA:9,(anonymous_1)
FNDA:16,(anonymous_2)
FNDA:14,(anonymous_3)
DA:1,3
DA:3,3
DA:9,9
DA:10,9
DA:11,9
DA:12,9
DA:15,16
DA:16,9
DA:17,1
DA:19,8
DA:20,14
DA:22,8
DA:23,1
DA:27,7
LF:14
LH:14
BRDA:16,0,0,1
BRDA:22,1,0,1
BRF:2
BRH:2
end_of_record
TN:
SF:src\infraestructure\database\database.ts
FNF:0
FNH:0
DA:1,1
DA:2,1
DA:4,1
DA:6,1
DA:8,1
LF:5
LH:5
BRF:0
BRH:0
end_of_record
TN:
SF:src\infraestructure\repositories\databaseOrderRepository.ts
FN:7,(anonymous_7)
FN:25,(anonymous_9)
FN:37,(anonymous_11)
FN:53,(anonymous_12)
FN:63,(anonymous_14)
FNF:5
FNH:0
FNDA:0,(anonymous_7)
FNDA:0,(anonymous_9)
FNDA:0,(anonymous_11)
FNDA:0,(anonymous_12)
FNDA:0,(anonymous_14)
DA:2,1
DA:3,1
DA:4,1
DA:6,1
DA:8,0
DA:9,0
DA:22,0
DA:26,0
DA:27,0
DA:32,0
DA:33,0
DA:36,0
DA:37,0
DA:40,0
DA:47,0
DA:49,0
DA:54,0
DA:58,0
DA:60,0
DA:64,0
LF:20
LH:4
BRDA:32,0,0,0
BRDA:32,1,0,0
BRDA:32,1,1,0
BRF:3
BRH:0
end_of_record
TN:
SF:src\infraestructure\repositories\inMemoryOrderRepository.ts
FN:5,(anonymous_7)
FN:8,(anonymous_8)
FN:13,(anonymous_10)
FN:14,(anonymous_12)
FN:21,(anonymous_13)
FN:29,(anonymous_15)
FNF:6
FNH:6
FNDA:6,(anonymous_7)
FNDA:4,(anonymous_8)
FNDA:8,(anonymous_10)
FNDA:7,(anonymous_12)
FNDA:2,(anonymous_13)
FNDA:2,(anonymous_15)
DA:3,1
DA:5,1
DA:6,6
DA:9,4
DA:10,4
DA:14,8
DA:15,8
DA:16,1
DA:18,7
DA:22,2
DA:23,2
DA:29,2
DA:30,2
DA:32,2
LF:14
LH:14
BRDA:15,0,0,1
BRF:1
BRH:1
end_of_record
